<?xml version="1.0" encoding="UTF-8"?>
<!-- Generated by org.testng.reporters.JUnitReportReporter -->
<testsuite hostname="Oprekin-PC" failures="0" tests="1" name="testpackage.registrationtest$RegisterTest" time="23.578" errors="0" timestamp="2025-05-06T11:46:59 IST" skipped="0">
  <testcase classname="testpackage.registrationtest$RegisterTest" name="set" time="23.578"/>
</testsuite> <!-- testpackage.registrationtest$RegisterTest -->
