<?xml version="1.0" encoding="UTF-8"?>
<!-- Generated by org.testng.reporters.JUnitReportReporter -->
<testsuite hostname="Oprekin-PC" failures="0" tests="1" name="testpackage.checkoutpaymenttest" time="19.262" errors="0" timestamp="2025-05-06T16:23:45 IST" skipped="0">
  <testcase classname="testpackage.checkoutpaymenttest" name="paymentclick" time="19.262"/>
</testsuite> <!-- testpackage.checkoutpaymenttest -->
